仮想ユーザ スクリプトが : 2016/08/31 2:36:36 に開始されました
アクション vuser_init を開始します。
LoadRunner 12.53.0 for Windows 2012 R2 の Web Turbo 再生; ビルド 1203 (8 31 2016 19:13:20)  	[MsgId: MMSG-26983]
実行モード: HTML  	[MsgId: MMSG-26993]
ユーザ エージェントを再生: Mozilla/5.0 (Windows NT 6.3; WOW64; Trident/7.0; rv:11.0) like Gecko  	[MsgId: MMSG-26988]
実行環境設定ファイル: "C:\Users\Administrator\Documents\VuGen\Scripts\Web_Sample_Solution\WebHttp_Sample_20160825_v00\\default.cfg"  	[MsgId: MMSG-27141]
アクション vuser_init を終了します。
仮想ユーザを実行します...
反復 1 を開始します。
サーバごとの最大同時接続数: 6  	[MsgId: MMSG-26989]
アクション Action を開始します。
Action.c(3): 注意: トランザクション "Top_Menu" を開始しました。
Action.c(5): web_add_cookie が開始されました。  	[MsgId: MMSG-26355]
Action.c(5): web_add_cookie は正しく実行されました。  	[MsgId: MMSG-26392]
Action.c(7): web_add_cookie が開始されました。  	[MsgId: MMSG-26355]
Action.c(7): web_add_cookie は正しく実行されました。  	[MsgId: MMSG-26392]
Action.c(9): web_add_cookie が開始されました。  	[MsgId: MMSG-26355]
Action.c(9): web_add_cookie は正しく実行されました。  	[MsgId: MMSG-26392]
Action.c(11): web_url("www.advantageonlineshopping.com") が開始されました。  	[MsgId: MMSG-26355]
Action.c(11): リソース "http://www.advantageonlineshopping.com/css/main.min.css" を HTML "http://www.advantageonlineshopping.com/" で検出しました。  	[MsgId: MMSG-26659]
Action.c(11): リソース "http://www.advantageonlineshopping.com/css/images/Advantage_online_shopping_team.jpg" を HTML "http://www.advantageonlineshopping.com/" で検出しました。  	[MsgId: MMSG-26659]
Action.c(11): リソース "http://www.advantageonlineshopping.com/css/fonts/roboto_regular_macroman/Roboto-Regular-webfont.eot?" (引数 9 により指定済み) をダウンロードしています  	[MsgId: MMSG-26577]
Action.c(11): リソース "http://www.advantageonlineshopping.com/main.min.js" (引数 11 により指定済み) をダウンロードしています  	[MsgId: MMSG-26577]
Action.c(11): リソース "http://www.bing.com/favicon.ico" (引数 13 により指定済み) をダウンロードしています  	[MsgId: MMSG-26577]
Action.c(11): リソース "https://www.google-analytics.com/analytics.js" (引数 16 により指定済み) をダウンロードしています  	[MsgId: MMSG-26577]
Action.c(11): リソース "http://www.advantageonlineshopping.com/css/images/logo.png" (引数 18 により指定済み) をダウンロードしています  	[MsgId: MMSG-26577]
Action.c(11): リソース "http://www.advantageonlineshopping.com/css/fonts/roboto_light_macroman/Roboto-Light-webfont.eot?" (引数 20 により指定済み) をダウンロードしています  	[MsgId: MMSG-26577]
Action.c(11): リソース "http://www.advantageonlineshopping.com/css/fonts/roboto_medium_macroman/Roboto-Medium-webfont.eot?" (引数 22 により指定済み) をダウンロードしています  	[MsgId: MMSG-26577]
Action.c(11): リソース "http://www.advantageonlineshopping.com/css/images/closeDark.png" (引数 24 により指定済み) をダウンロードしています  	[MsgId: MMSG-26577]
Action.c(11): リソース "http://www.advantageonlineshopping.com/services.properties" (引数 26 により指定済み) をダウンロードしています  	[MsgId: MMSG-26577]
Action.c(11): リソース "https://www.google-analytics.com/collect?v=1&_v=j46&a=836145837&t=pageview&_s=1&dl=http%3A%2F%2Fwww.advantageonlineshopping.com%2F&ul=ja-jp&de=utf-8&dt=%C2%A0Advantage%20Shopping&sd=24-bit&sr=1600x900&vp=1148x622&je=1&_u=AACAAMQAI~&jid=&cid=206493945.1472112125&tid=UA-81334227-1&z=1603344062" (引数 28 により指定済み) をダウンロードしています  	[MsgId: MMSG-26577]
Action.c(11): リソース "http://www.advantageonlineshopping.com/catalog/api/v1/DemoAppConfig/parameters/by_tool/ALL" (引数 30 により指定済み) をダウンロードしています  	[MsgId: MMSG-26577]
Action.c(11): リソース "http://www.advantageonlineshopping.com/css/fonts/roboto_bold_macroman/Roboto-Bold-webfont.eot?" (引数 32 により指定済み) をダウンロードしています  	[MsgId: MMSG-26577]
Action.c(11): リソース "http://www.advantageonlineshopping.com/css/images/FacebookLogo.png" (引数 34 により指定済み) をダウンロードしています  	[MsgId: MMSG-26577]
Action.c(11): リソース "http://www.advantageonlineshopping.com/catalog/api/v1/categories" (引数 36 により指定済み) をダウンロードしています  	[MsgId: MMSG-26577]
Action.c(11): リソース "http://www.advantageonlineshopping.com/catalog/api/v1/deals/search?dealOfTheDay=true" (引数 38 により指定済み) をダウンロードしています  	[MsgId: MMSG-26577]
Action.c(11): リソース "http://www.advantageonlineshopping.com/app/tempFiles/popularProducts.json" (引数 40 により指定済み) をダウンロードしています  	[MsgId: MMSG-26577]
Action.c(11): リソース "http://www.advantageonlineshopping.com/css/images/Special-offer.jpg" (引数 42 により指定済み) をダウンロードしています  	[MsgId: MMSG-26577]
Action.c(11): リソース "http://www.advantageonlineshopping.com/css/images/GoUp.png" (引数 44 により指定済み) をダウンロードしています  	[MsgId: MMSG-26577]
Action.c(11): リソース "http://www.advantageonlineshopping.com/css/images/facebook.png" (引数 46 により指定済み) をダウンロードしています  	[MsgId: MMSG-26577]
Action.c(11): リソース "http://www.advantageonlineshopping.com/css/images/twitter.png" (引数 48 により指定済み) をダウンロードしています  	[MsgId: MMSG-26577]
Action.c(11): リソース "http://www.advantageonlineshopping.com/css/fonts/roboto_thin_macroman/Roboto-Thin-webfont.eot?" (引数 50 により指定済み) をダウンロードしています  	[MsgId: MMSG-26577]
Action.c(11): リソース "http://www.advantageonlineshopping.com/css/images/linkedin.png" (引数 52 により指定済み) をダウンロードしています  	[MsgId: MMSG-26577]
Action.c(11): リソース "http://www.advantageonlineshopping.com/css/images/Banner1.jpg" (引数 54 により指定済み) をダウンロードしています  	[MsgId: MMSG-26577]
Action.c(11): リソース "http://www.advantageonlineshopping.com/css/images/Banner2.jpg" (引数 56 により指定済み) をダウンロードしています  	[MsgId: MMSG-26577]
Action.c(11): リソース "http://www.advantageonlineshopping.com/css/images/Banner3.jpg" (引数 58 により指定済み) をダウンロードしています  	[MsgId: MMSG-26577]
Action.c(11): リソース "http://www.advantageonlineshopping.com/css/images/Popular-item3.jpg" (引数 60 により指定済み) をダウンロードしています  	[MsgId: MMSG-26577]
Action.c(11): リソース "http://www.advantageonlineshopping.com/css/images/Popular-item2.jpg" (引数 62 により指定済み) をダウンロードしています  	[MsgId: MMSG-26577]
Action.c(11): リソース "http://www.advantageonlineshopping.com/css/images/Popular-item1.jpg" (引数 64 により指定済み) をダウンロードしています  	[MsgId: MMSG-26577]
Action.c(11): リソース "http://www.advantageonlineshopping.com/css/images/arrow_right.png" (引数 66 により指定済み) をダウンロードしています  	[MsgId: MMSG-26577]
Action.c(11): リソース "http://www.advantageonlineshopping.com/catalog/fetchImage?image_id=1237" (引数 68 により指定済み) をダウンロードしています  	[MsgId: MMSG-26577]
Action.c(11): リソース "http://www.advantageonlineshopping.com/catalog/fetchImage?image_id=1236" (引数 70 により指定済み) をダウンロードしています  	[MsgId: MMSG-26577]
Action.c(11): リソース "http://www.advantageonlineshopping.com/catalog/fetchImage?image_id=1235" (引数 72 により指定済み) をダウンロードしています  	[MsgId: MMSG-26577]
Action.c(11): リソース "http://www.advantageonlineshopping.com/catalog/fetchImage?image_id=1238" (引数 74 により指定済み) をダウンロードしています  	[MsgId: MMSG-26577]
Action.c(11): リソース "http://www.advantageonlineshopping.com/catalog/fetchImage?image_id=1234" (引数 76 により指定済み) をダウンロードしています  	[MsgId: MMSG-26577]
Action.c(11): リソース "http://www.advantageonlineshopping.com/catalog/api/v1/categories/all_data" (引数 78 により指定済み) をダウンロードしています  	[MsgId: MMSG-26577]
Action.c(11): リソース "http://www.advantageonlineshopping.com/catalog/api/v1/categories/attributes" (引数 80 により指定済み) をダウンロードしています  	[MsgId: MMSG-26577]
Action.c(11): リソース "http://www.advantageonlineshopping.com/css/images/Filter.png" (引数 82 により指定済み) をダウンロードしています  	[MsgId: MMSG-26577]
Action.c(11): リソース "http://www.advantageonlineshopping.com/catalog/fetchImage?image_id=4700" (引数 84 により指定済み) をダウンロードしています  	[MsgId: MMSG-26577]
Action.c(11): リソース "http://www.advantageonlineshopping.com/catalog/fetchImage?image_id=4600" (引数 86 により指定済み) をダウンロードしています  	[MsgId: MMSG-26577]
Action.c(11): リソース "http://www.advantageonlineshopping.com/catalog/fetchImage?image_id=4300" (引数 88 により指定済み) をダウンロードしています  	[MsgId: MMSG-26577]
Action.c(11): リソース "http://www.advantageonlineshopping.com/catalog/fetchImage?image_id=4400" (引数 90 により指定済み) をダウンロードしています  	[MsgId: MMSG-26577]
Action.c(11): リソース "http://www.advantageonlineshopping.com/catalog/fetchImage?image_id=4500" (引数 92 により指定済み) をダウンロードしています  	[MsgId: MMSG-26577]
Action.c(11): リソース "http://www.advantageonlineshopping.com/css/images/category_banner_4.png" (引数 94 により指定済み) をダウンロードしています  	[MsgId: MMSG-26577]
Action.c(11): リソース "http://www.advantageonlineshopping.com/catalog/api/v1/catalog/LastUpdate/timestamp" (引数 96 により指定済み) をダウンロードしています  	[MsgId: MMSG-26577]
Action.c(11): リソース "http://www.advantageonlineshopping.com/catalog/fetchImage?image_id=4603" (引数 98 により指定済み) をダウンロードしています  	[MsgId: MMSG-26577]
Action.c(11): リソース "http://www.advantageonlineshopping.com/catalog/fetchImage?image_id=4602" (引数 100 により指定済み) をダウンロードしています  	[MsgId: MMSG-26577]
Action.c(11): リソース "http://www.advantageonlineshopping.com/vendor/requirejs/require.js" を HTML "http://www.advantageonlineshopping.com/" で検出しました。  	[MsgId: MMSG-26659]
Action.c(11): 注意: トランザクション "http://www.advantageonlineshopping.com/css/fonts/roboto_light_macroman/Roboto-Light-webfont.eot?" はスキップされます - トランザクション時間を計算できませんでした (経過時間=0.2919、思考遅延時間=0.0000、浪費時間=1.0167)。
Action.c(11): web_url("www.advantageonlineshopping.com") は正しく実行されました (4025844 ボディ バイト、13609 ヘッダ バイト、1101 チャンク オーバーヘッド バイト)。  	[MsgId: MMSG-26385]
Action.c(67): 注意: トランザクション "Top_Menu" は "Pass" ステータスで終了しました (経過時間: 6.4878 消費時間: 1.2265)。
Action.c(68): 注意: トランザクション "Speaker_Select" を開始しました。
Action.c(70): web_set_sockets_option が開始されました。  	[MsgId: MMSG-26355]
Action.c(70): web_set_sockets_option は正しく実行されました。  	[MsgId: MMSG-26392]
Action.c(72): web_custom_request("GetAccountConfigurationRequest") が開始されました。  	[MsgId: MMSG-26355]
Action.c(72): web_custom_request("GetAccountConfigurationRequest")は正しく実行されました (726 ボディ バイト、541 ヘッダ バイト)。  	[MsgId: MMSG-26386]
Action.c(84): 注意: トランザクション "Speaker_Select" は "Pass" ステータスで終了しました (経過時間: 0.1739 消費時間: 0.0016)。
Action.c(85): 注意: トランザクション "Item_Description" を開始しました。
Action.c(87): web_url("home-page.html") が開始されました。  	[MsgId: MMSG-26355]
Action.c(87): リソース "http://www.advantageonlineshopping.com/app/views/css/images/Special-offer.jpg" を HTML "http://www.advantageonlineshopping.com/app/views/home-page.html" で検出しました。  	[MsgId: MMSG-26659]
Action.c(87): リソース "http://www.advantageonlineshopping.com/css/images/chat_logo.png" を HTML "http://www.advantageonlineshopping.com/app/views/home-page.html" で検出しました。  	[MsgId: MMSG-26659]
Action.c(87): 警告 -26627: HTTP ステータス コード=404 (Not Found): "http://www.advantageonlineshopping.com/app/views/css/images/Special-offer.jpg"  	[MsgId: MWAR-26627]
Action.c(87): web_url("home-page.html") 最高重大度レベルは "warning" でした (14396 ボディ バイト、768 ヘッダ バイト)。  	[MsgId: MMSG-26388]
Action.c(96): web_add_cookie が開始されました。  	[MsgId: MMSG-26355]
Action.c(96): web_add_cookie は正しく実行されました。  	[MsgId: MMSG-26392]
Action.c(98): web_add_cookie が開始されました。  	[MsgId: MMSG-26355]
Action.c(98): web_add_cookie は正しく実行されました。  	[MsgId: MMSG-26392]
Action.c(100): web_url("iecompatviewlist.xml") が開始されました。  	[MsgId: MMSG-26355]
Action.c(100): web_url("iecompatviewlist.xml")は正しく実行されました (35498 ボディ バイト、497 ヘッダ バイト)。  	[MsgId: MMSG-26386]
Action.c(109): web_url("category-page.html") が開始されました。  	[MsgId: MMSG-26355]
Action.c(109): web_url("category-page.html")は正しく実行されました (2156 ボディ バイト、294 ヘッダ バイト)。  	[MsgId: MMSG-26386]
Action.c(118): web_url("product-page.html") が開始されました。  	[MsgId: MMSG-26355]
Action.c(118): リソース "http://www.advantageonlineshopping.com/css/images/review_right.png" を HTML "http://www.advantageonlineshopping.com/app/views/product-page.html" で検出しました。  	[MsgId: MMSG-26659]
Action.c(118): リソース "http://www.advantageonlineshopping.com/css/images/reviewUser.png" を HTML "http://www.advantageonlineshopping.com/app/views/product-page.html" で検出しました。  	[MsgId: MMSG-26659]
Action.c(118): リソース "http://www.advantageonlineshopping.com/css/images/review_Left_disabled.png" を HTML "http://www.advantageonlineshopping.com/app/views/product-page.html" で検出しました。  	[MsgId: MMSG-26659]
Action.c(118): "http://www.advantageonlineshopping.com/app/views/product-page.html" 内にリソース以外の "https://www.youtube.com/embed/GW93cz-3MRU" を検知しました。  	[MsgId: MMSG-26574]
Action.c(118): リソース "https://s.ytimg.com/yts/cssbin/www-embed-player-vflc-oGPf.css" を HTML "https://www.youtube.com/embed/GW93cz-3MRU" で検出しました。  	[MsgId: MMSG-26659]
Action.c(118): リソース "https://s.ytimg.com/yts/jsbin/www-embed-player-vfl1OElWj/www-embed-player.js" を HTML "https://www.youtube.com/embed/GW93cz-3MRU" で検出しました。  	[MsgId: MMSG-26659]
Action.c(118): リソース "https://s.ytimg.com/yts/jsbin/player-ja_JP-vfldKMrwr/base.js" を HTML "https://www.youtube.com/embed/GW93cz-3MRU" で検出しました。  	[MsgId: MMSG-26659]
Action.c(118): web_url("product-page.html") は正しく実行されました (558169 ボディ バイト、3896 ヘッダ バイト、316 チャンク オーバーヘッド バイト)。  	[MsgId: MMSG-26385]
Action.c(126): 注意: トランザクション "Item_Description" は "Pass" ステータスで終了しました (経過時間: 1.1802 消費時間: 0.1566)。
アクション Action を終了します。
反復 1 を終了します。
仮想ユーザを終了します...
アクション vuser_end を開始します。
アクション vuser_end を終了します。
仮想ユーザが終了しました。
